Release 14.2 - ngc2edif P.28xd (nt64)
Copyright (c) 1995-2012 Xilinx, Inc.  All rights reserved.
Reading design CPU.ngc ...
WARNING:NetListWriters:298 - No output is written to CPU.xncf, ignored.
Processing design ...
   Preping design's networks ...
   Preping design's macros ...
  finished :Prep
Writing EDIF netlist file CPU.edif ...
ngc2edif: Total memory usage is 85616 kilobytes

Release 14.2 - ngc2edif P.28xd (nt64)
Copyright (c) 1995-2012 Xilinx, Inc.  All rights reserved.
Reading design Memory.ngc ...
WARNING:NetListWriters:298 - No output is written to Memory.xncf, ignored.
Processing design ...
   Preping design's networks ...
   Preping design's macros ...
  finished :Prep
Writing EDIF netlist file Memory.edif ...
ngc2edif: Total memory usage is 79472 kilobytes

Release 14.2 - ngc2edif P.28xd (nt64)
Copyright (c) 1995-2012 Xilinx, Inc.  All rights reserved.
Reading design Mem2.ngc ...
WARNING:NetListWriters:298 - No output is written to Mem2.xncf, ignored.
Processing design ...
   Preping design's networks ...
   Preping design's macros ...
  finished :Prep
Writing EDIF netlist file Mem2.edif ...
ngc2edif: Total memory usage is 79472 kilobytes

Release 14.2 - ngc2edif P.28xd (nt64)
Copyright (c) 1995-2012 Xilinx, Inc.  All rights reserved.
Reading design CPU.ngc ...
WARNING:NetListWriters:298 - No output is written to CPU.xncf, ignored.
Processing design ...
   Preping design's networks ...
   Preping design's macros ...
  finished :Prep
Writing EDIF netlist file CPU.edif ...
ngc2edif: Total memory usage is 85616 kilobytes

Release 14.2 - ngc2edif P.28xd (nt64)
Copyright (c) 1995-2012 Xilinx, Inc.  All rights reserved.
Reading design Memory.ngc ...
WARNING:NetListWriters:298 - No output is written to Memory.xncf, ignored.
Processing design ...
   Preping design's networks ...
   Preping design's macros ...
  finished :Prep
Writing EDIF netlist file Memory.edif ...
ngc2edif: Total memory usage is 79792 kilobytes

Release 14.2 - ngc2edif P.28xd (nt64)
Copyright (c) 1995-2012 Xilinx, Inc.  All rights reserved.
Reading design Mem2.ngc ...
WARNING:NetListWriters:298 - No output is written to Mem2.xncf, ignored.
Processing design ...
   Preping design's networks ...
   Preping design's macros ...
  finished :Prep
Writing EDIF netlist file Mem2.edif ...
ngc2edif: Total memory usage is 79088 kilobytes

Release 14.2 - ngc2edif P.28xd (nt64)
Copyright (c) 1995-2012 Xilinx, Inc.  All rights reserved.
Reading design CPU.ngc ...
WARNING:NetListWriters:298 - No output is written to CPU.xncf, ignored.
Processing design ...
   Preping design's networks ...
   Preping design's macros ...
  finished :Prep
Writing EDIF netlist file CPU.edif ...
ngc2edif: Total memory usage is 85552 kilobytes

Release 14.2 - ngc2edif P.28xd (nt64)
Copyright (c) 1995-2012 Xilinx, Inc.  All rights reserved.
Reading design CPU.ngc ...
WARNING:NetListWriters:298 - No output is written to CPU.xncf, ignored.
Processing design ...
   Preping design's networks ...
   Preping design's macros ...
  finished :Prep
Writing EDIF netlist file CPU.edif ...
ngc2edif: Total memory usage is 85616 kilobytes

Release 14.2 - ngc2edif P.28xd (nt64)
Copyright (c) 1995-2012 Xilinx, Inc.  All rights reserved.
Reading design Memory.ngc ...
WARNING:NetListWriters:298 - No output is written to Memory.xncf, ignored.
Processing design ...
   Preping design's networks ...
   Preping design's macros ...
  finished :Prep
Writing EDIF netlist file Memory.edif ...
ngc2edif: Total memory usage is 79344 kilobytes

Release 14.2 - ngc2edif P.28xd (nt64)
Copyright (c) 1995-2012 Xilinx, Inc.  All rights reserved.
Reading design Mem2.ngc ...
WARNING:NetListWriters:298 - No output is written to Mem2.xncf, ignored.
Processing design ...
   Preping design's networks ...
   Preping design's macros ...
  finished :Prep
Writing EDIF netlist file Mem2.edif ...
ngc2edif: Total memory usage is 79408 kilobytes

